#
# There is insufficient memory for the Java Runtime Environment to continue.
# Native memory allocation (malloc) failed to allocate 104896 bytes for Chunk::new
# Possible reasons:
#   The system is out of physical RAM or swap space
#   In 32 bit mode, the process size limit was hit
# Possible solutions:
#   Reduce memory load on the system
#   Increase physical memory or swap space
#   Check if swap backing store is full
#   Use 64 bit Java on a 64 bit OS
#   Decrease Java heap size (-Xmx/-Xms)
#   Decrease number of Java threads
#   Decrease Java thread stack sizes (-Xss)
#   Set larger code cache with -XX:ReservedCodeCacheSize=
# This output file may be truncated or incomplete.
#
#  Out of Memory Error (allocation.cpp:390), pid=5432, tid=0x0000000000003144
#
# JRE version: Java(TM) SE Runtime Environment (8.0_144-b01) (build 1.8.0_144-b01)
# Java VM: Java HotSpot(TM) 64-Bit Server VM (25.144-b01 mixed mode windows-amd64 compressed oops)
# Failed to write core dump. Minidumps are not enabled by default on client versions of Windows
#

---------------  T H R E A D  ---------------

Current thread (0x0000000015831800):  JavaThread "C2 CompilerThread0" daemon [_thread_in_native, id=12612, stack(0x0000000016e90000,0x0000000016f90000)]

Stack: [0x0000000016e90000,0x0000000016f90000]
[error occurred during error reporting (printing stack bounds), id 0xc0000005]

Native frames: (J=compiled Java code, j=interpreted, Vv=VM code, C=native code)


Current CompileTask:
C2:   3862 1880 %     4       java.util.Properties$LineReader::readLine @ 21 (468 bytes)


---------------  P R O C E S S  ---------------

Java Threads: ( => current thread )
  0x0000000017cc5000 JavaThread "ReaderThread" [_thread_in_native, id=8296, stack(0x0000000018330000,0x0000000018430000)]
  0x00000000170b2000 JavaThread "Service Thread" daemon [_thread_blocked, id=7960, stack(0x0000000017590000,0x0000000017690000)]
  0x0000000017098800 JavaThread "C1 CompilerThread2" daemon [_thread_blocked, id=7868, stack(0x0000000017490000,0x0000000017590000)]
  0x0000000015872800 JavaThread "C2 CompilerThread1" daemon [_thread_blocked, id=11568, stack(0x0000000016f90000,0x0000000017090000)]
=>0x0000000015831800 JavaThread "C2 CompilerThread0" daemon [_thread_in_native, id=12612, stack(0x0000000016e90000,0x0000000016f90000)]
  0x0000000015830000 JavaThread "Attach Listener" daemon [_thread_blocked, id=5572, stack(0x0000000016d90000,0x0000000016e90000)]
  0x000000001582f000 JavaThread "Signal Dispatcher" daemon [_thread_blocked, id=12504, stack(0x0000000016c90000,0x0000000016d90000)]
  0x0000000015820000 JavaThread "Finalizer" daemon [_thread_blocked, id=2296, stack(0x0000000016a80000,0x0000000016b80000)]
  0x00000000031f6000 JavaThread "Reference Handler" daemon [_thread_blocked, id=9936, stack(0x0000000016980000,0x0000000016a80000)]
  0x0000000003104000 JavaThread "main" [_thread_in_Java, id=2512, stack(0x0000000003000000,0x0000000003100000)]

Other Threads:
  0x00000000157f7000 VMThread [stack: 0x0000000016880000,0x0000000016980000] [id=12160]
  0x00000000170fa800 WatcherThread [stack: 0x0000000017a30000,0x0000000017b30000] [id=2868]

VM state:not at safepoint (normal execution)

VM Mutex/Monitor currently owned by a thread: None

Heap:
 PSYoungGen      total 38400K, used 5715K [0x00000000eb200000, 0x00000000ede00000, 0x0000000100000000)
  eden space 32256K, 17% used [0x00000000eb200000,0x00000000eb794e90,0x00000000ed180000)
  from space 6144K, 0% used [0x00000000ed180000,0x00000000ed180000,0x00000000ed780000)
  to   space 5632K, 0% used [0x00000000ed780000,0x00000000ed780000,0x00000000edd00000)
 ParOldGen       total 34816K, used 7452K [0x00000000c1600000, 0x00000000c3800000, 0x00000000eb200000)
  object space 34816K, 21% used [0x00000000c1600000,0x00000000c1d47238,0x00000000c3800000)
 Metaspace       used 21615K, capacity 21912K, committed 22192K, reserved 1069056K
  class space    used 2680K, capacity 2759K, committed 2816K, reserved 1048576K

Card table byte_map: [0x00000000125d0000,0x00000000127d0000] byte_map_base: 0x0000000011fc5000

Marking Bits: (ParMarkBitMap*) 0x000000007464d850
 Begin Bits: [0x0000000012d20000, 0x0000000013cc8000)
 End Bits:   [0x0000000013cc8000, 0x0000000014c70000)

Polling page: 0x0000000001300000

CodeCache: size=245760Kb used=6962Kb max_used=6962Kb free=238797Kb
 bounds [0x0000000003210000, 0x00000000038f0000, 0x0000000012210000]
 total_blobs=2252 nmethods=1879 adapters=285
 compilation: enabled

Compilation events (10 events):
Event: 3.846 Thread 0x0000000017098800 nmethod 1875 0x00000000038dd810 code [0x00000000038dd9c0, 0x00000000038dde48]
Event: 3.846 Thread 0x0000000017098800 1876       3       java.util.LinkedList$ListItr::<init> (47 bytes)
Event: 3.847 Thread 0x0000000017098800 nmethod 1876 0x00000000038dd2d0 code [0x00000000038dd440, 0x00000000038dd708]
Event: 3.854 Thread 0x0000000017098800 1877       3       org.springframework.util.CollectionUtils::isEmpty (19 bytes)
Event: 3.854 Thread 0x0000000017098800 nmethod 1877 0x00000000038dce10 code [0x00000000038dcf80, 0x00000000038dd208]
Event: 3.855 Thread 0x0000000017098800 1878       3       java.util.Hashtable::<init> (114 bytes)
Event: 3.855 Thread 0x0000000015831800 1880 %     4       java.util.Properties$LineReader::readLine @ 21 (468 bytes)
Event: 3.856 Thread 0x0000000017098800 nmethod 1878 0x00000000038deb50 code [0x00000000038dee40, 0x00000000038e0238]
Event: 3.856 Thread 0x0000000017098800 1879       3       java.util.Dictionary::<init> (5 bytes)
Event: 3.856 Thread 0x0000000017098800 nmethod 1879 0x00000000038dca50 code [0x00000000038dcba0, 0x00000000038dcd50]

GC Heap History (10 events):
Event: 1.993 GC heap before
{Heap before GC invocations=4 (full 0):
 PSYoungGen      total 18944K, used 18925K [0x00000000eb200000, 0x00000000ec700000, 0x0000000100000000)
  eden space 16384K, 100% used [0x00000000eb200000,0x00000000ec200000,0x00000000ec200000)
  from space 2560K, 99% used [0x00000000ec200000,0x00000000ec47b6f8,0x00000000ec480000)
  to   space 2560K, 0% used [0x00000000ec480000,0x00000000ec480000,0x00000000ec700000)
 ParOldGen       total 44032K, used 2062K [0x00000000c1600000, 0x00000000c4100000, 0x00000000eb200000)
  object space 44032K, 4% used [0x00000000c1600000,0x00000000c1803930,0x00000000c4100000)
 Metaspace       used 12371K, capacity 12486K, committed 12544K, reserved 1060864K
  class space    used 1504K, capacity 1533K, committed 1536K, reserved 1048576K
Event: 2.003 GC heap after
Heap after GC invocations=4 (full 0):
 PSYoungGen      total 18944K, used 2544K [0x00000000eb200000, 0x00000000ed700000, 0x0000000100000000)
  eden space 16384K, 0% used [0x00000000eb200000,0x00000000eb200000,0x00000000ec200000)
  from space 2560K, 99% used [0x00000000ec480000,0x00000000ec6fc010,0x00000000ec700000)
  to   space 2560K, 0% used [0x00000000ec200000,0x00000000ec200000,0x00000000ec480000)
 ParOldGen       total 44032K, used 4331K [0x00000000c1600000, 0x00000000c4100000, 0x00000000eb200000)
  object space 44032K, 9% used [0x00000000c1600000,0x00000000c1a3ac28,0x00000000c4100000)
 Metaspace       used 12371K, capacity 12486K, committed 12544K, reserved 1060864K
  class space    used 1504K, capacity 1533K, committed 1536K, reserved 1048576K
}
Event: 2.400 GC heap before
{Heap before GC invocations=5 (full 0):
 PSYoungGen      total 18944K, used 18928K [0x00000000eb200000, 0x00000000ed700000, 0x0000000100000000)
  eden space 16384K, 100% used [0x00000000eb200000,0x00000000ec200000,0x00000000ec200000)
  from space 2560K, 99% used [0x00000000ec480000,0x00000000ec6fc010,0x00000000ec700000)
  to   space 2560K, 0% used [0x00000000ec200000,0x00000000ec200000,0x00000000ec480000)
 ParOldGen       total 44032K, used 4331K [0x00000000c1600000, 0x00000000c4100000, 0x00000000eb200000)
  object space 44032K, 9% used [0x00000000c1600000,0x00000000c1a3ac28,0x00000000c4100000)
 Metaspace       used 14469K, capacity 14662K, committed 14976K, reserved 1062912K
  class space    used 1818K, capacity 1853K, committed 1920K, reserved 1048576K
Event: 2.409 GC heap after
Heap after GC invocations=5 (full 0):
 PSYoungGen      total 18944K, used 2528K [0x00000000eb200000, 0x00000000edd00000, 0x0000000100000000)
  eden space 16384K, 0% used [0x00000000eb200000,0x00000000eb200000,0x00000000ec200000)
  from space 2560K, 98% used [0x00000000ec200000,0x00000000ec478040,0x00000000ec480000)
  to   space 5632K, 0% used [0x00000000ed780000,0x00000000ed780000,0x00000000edd00000)
 ParOldGen       total 44032K, used 6258K [0x00000000c1600000, 0x00000000c4100000, 0x00000000eb200000)
  object space 44032K, 14% used [0x00000000c1600000,0x00000000c1c1c8d8,0x00000000c4100000)
 Metaspace       used 14469K, capacity 14662K, committed 14976K, reserved 1062912K
  class space    used 1818K, capacity 1853K, committed 1920K, reserved 1048576K
}
Event: 2.876 GC heap before
{Heap before GC invocations=6 (full 0):
 PSYoungGen      total 18944K, used 18882K [0x00000000eb200000, 0x00000000edd00000, 0x0000000100000000)
  eden space 16384K, 99% used [0x00000000eb200000,0x00000000ec1f8a90,0x00000000ec200000)
  from space 2560K, 98% used [0x00000000ec200000,0x00000000ec478040,0x00000000ec480000)
  to   space 5632K, 0% used [0x00000000ed780000,0x00000000ed780000,0x00000000edd00000)
 ParOldGen       total 44032K, used 6258K [0x00000000c1600000, 0x00000000c4100000, 0x00000000eb200000)
  object space 44032K, 14% used [0x00000000c1600000,0x00000000c1c1c8d8,0x00000000c4100000)
 Metaspace       used 17753K, capacity 17982K, committed 18176K, reserved 1064960K
  class space    used 2212K, capacity 2257K, committed 2304K, reserved 1048576K
Event: 2.886 GC heap after
Heap after GC invocations=6 (full 0):
 PSYoungGen      total 37888K, used 5409K [0x00000000eb200000, 0x00000000ede00000, 0x0000000100000000)
  eden space 32256K, 0% used [0x00000000eb200000,0x00000000eb200000,0x00000000ed180000)
  from space 5632K, 96% used [0x00000000ed780000,0x00000000edcc8430,0x00000000edd00000)
  to   space 6144K, 0% used [0x00000000ed180000,0x00000000ed180000,0x00000000ed780000)
 ParOldGen       total 44032K, used 6330K [0x00000000c1600000, 0x00000000c4100000, 0x00000000eb200000)
  object space 44032K, 14% used [0x00000000c1600000,0x00000000c1c2e8e8,0x00000000c4100000)
 Metaspace       used 17753K, capacity 17982K, committed 18176K, reserved 1064960K
  class space    used 2212K, capacity 2257K, committed 2304K, reserved 1048576K
}
Event: 3.262 GC heap before
{Heap before GC invocations=7 (full 0):
 PSYoungGen      total 37888K, used 27567K [0x00000000eb200000, 0x00000000ede00000, 0x0000000100000000)
  eden space 32256K, 68% used [0x00000000eb200000,0x00000000ec7a3840,0x00000000ed180000)
  from space 5632K, 96% used [0x00000000ed780000,0x00000000edcc8430,0x00000000edd00000)
  to   space 6144K, 0% used [0x00000000ed180000,0x00000000ed180000,0x00000000ed780000)
 ParOldGen       total 44032K, used 6330K [0x00000000c1600000, 0x00000000c4100000, 0x00000000eb200000)
  object space 44032K, 14% used [0x00000000c1600000,0x00000000c1c2e8e8,0x00000000c4100000)
 Metaspace       used 20847K, capacity 21078K, committed 21296K, reserved 1069056K
  class space    used 2580K, capacity 2636K, committed 2688K, reserved 1048576K
Event: 3.283 GC heap after
Heap after GC invocations=7 (full 0):
 PSYoungGen      total 38400K, used 5732K [0x00000000eb200000, 0x00000000ede00000, 0x0000000100000000)
  eden space 32256K, 0% used [0x00000000eb200000,0x00000000eb200000,0x00000000ed180000)
  from space 6144K, 93% used [0x00000000ed180000,0x00000000ed719040,0x00000000ed780000)
  to   space 5632K, 0% used [0x00000000ed780000,0x00000000ed780000,0x00000000edd00000)
 ParOldGen       total 44032K, used 7828K [0x00000000c1600000, 0x00000000c4100000, 0x00000000eb200000)
  object space 44032K, 17% used [0x00000000c1600000,0x00000000c1da51f8,0x00000000c4100000)
 Metaspace       used 20847K, capacity 21078K, committed 21296K, reserved 1069056K
  class space    used 2580K, capacity 2636K, committed 2688K, reserved 1048576K
}
Event: 3.283 GC heap before
{Heap before GC invocations=8 (full 1):
 PSYoungGen      total 38400K, used 5732K [0x00000000eb200000, 0x00000000ede00000, 0x0000000100000000)
  eden space 32256K, 0% used [0x00000000eb200000,0x00000000eb200000,0x00000000ed180000)
  from space 6144K, 93% used [0x00000000ed180000,0x00000000ed719040,0x00000000ed780000)
  to   space 5632K, 0% used [0x00000000ed780000,0x00000000ed780000,0x00000000edd00000)
 ParOldGen       total 44032K, used 7828K [0x00000000c1600000, 0x00000000c4100000, 0x00000000eb200000)
  object space 44032K, 17% used [0x00000000c1600000,0x00000000c1da51f8,0x00000000c4100000)
 Metaspace       used 20847K, capacity 21078K, committed 21296K, reserved 1069056K
  class space    used 2580K, capacity 2636K, committed 2688K, reserved 1048576K
Event: 3.352 GC heap after
Heap after GC invocations=8 (full 1):
 PSYoungGen      total 38400K, used 0K [0x00000000eb200000, 0x00000000ede00000, 0x0000000100000000)
  eden space 32256K, 0% used [0x00000000eb200000,0x00000000eb200000,0x00000000ed180000)
  from space 6144K, 0% used [0x00000000ed180000,0x00000000ed180000,0x00000000ed780000)
  to   space 5632K, 0% used [0x00000000ed780000,0x00000000ed780000,0x00000000edd00000)
 ParOldGen       total 34816K, used 7452K [0x00000000c1600000, 0x00000000c3800000, 0x00000000eb200000)
  object space 34816K, 21% used [0x00000000c1600000,0x00000000c1d47238,0x00000000c3800000)
 Metaspace       used 20847K, capacity 21078K, committed 21296K, reserved 1069056K
  class space    used 2580K, capacity 2636K, committed 2688K, reserved 1048576K
}

Deoptimization events (10 events):
Event: 2.774 Thread 0x00000000184f9000 Uncommon trap: reason=unstable_if action=reinterpret pc=0x000000000373c72c method=com.sun.org.apache.xerces.internal.util.SymbolTable.addSymbol([CII)Ljava/lang/String; @ 38
Event: 2.778 Thread 0x00000000184f9000 Uncommon trap: reason=unstable_if action=reinterpret pc=0x000000000371b74c method=com.sun.org.apache.xerces.internal.util.SymbolTable.addSymbol([CII)Ljava/lang/String; @ 38
Event: 2.966 Thread 0x00000000184f9000 Uncommon trap: reason=class_check action=maybe_recompile pc=0x00000000035f835c method=java.util.regex.Matcher.search(I)Z @ 86
Event: 2.966 Thread 0x00000000184f9000 Uncommon trap: reason=unstable_if action=reinterpret pc=0x000000000360475c method=java.util.regex.Pattern$BmpCharProperty.match(Ljava/util/regex/Matcher;ILjava/lang/CharSequence;)Z @ 5
Event: 3.373 Thread 0x0000000003104000 Uncommon trap: reason=unstable_if action=reinterpret pc=0x0000000003794c08 method=java.lang.String$CaseInsensitiveComparator.compare(Ljava/lang/String;Ljava/lang/String;)I @ 70
Event: 3.374 Thread 0x0000000003104000 Uncommon trap: reason=class_check action=maybe_recompile pc=0x0000000003611ffc method=java.util.regex.Pattern$CharProperty.match(Ljava/util/regex/Matcher;ILjava/lang/CharSequence;)Z @ 37
Event: 3.374 Thread 0x0000000003104000 Uncommon trap: reason=class_check action=maybe_recompile pc=0x0000000003611ffc method=java.util.regex.Pattern$CharProperty.match(Ljava/util/regex/Matcher;ILjava/lang/CharSequence;)Z @ 37
Event: 3.374 Thread 0x0000000003104000 Uncommon trap: reason=class_check action=maybe_recompile pc=0x0000000003611ffc method=java.util.regex.Pattern$CharProperty.match(Ljava/util/regex/Matcher;ILjava/lang/CharSequence;)Z @ 37
Event: 3.374 Thread 0x0000000003104000 Uncommon trap: reason=class_check action=maybe_recompile pc=0x0000000003611ffc method=java.util.regex.Pattern$CharProperty.match(Ljava/util/regex/Matcher;ILjava/lang/CharSequence;)Z @ 37
Event: 3.637 Thread 0x00000000184f9000 Uncommon trap: reason=unstable_if action=reinterpret pc=0x00000000034c88b0 method=java.util.HashMap.hash(Ljava/lang/Object;)I @ 1

Internal exceptions (10 events):
Event: 3.121 Thread 0x0000000003104000 Exception <a 'java/lang/ClassNotFoundException': java/lang/ObjectCustomizer> (0x00000000ec31ea10) thrown at [C:\re\workspace\8-2-build-windows-amd64-cygwin\jdk8u144\9417\hotspot\src\share\vm\classfile\systemDictionary.cpp, line 210]
Event: 3.123 Thread 0x0000000003104000 Exception <a 'java/lang/ClassNotFoundException': org/springframework/context/annotation/ConfigurationClassPostProcessorCustomizer> (0x00000000ec340d80) thrown at [C:\re\workspace\8-2-build-windows-amd64-cygwin\jdk8u144\9417\hotspot\src\share\vm\classfile\
Event: 3.125 Thread 0x0000000003104000 Exception <a 'java/lang/ClassNotFoundException': org/springframework/beans/factory/support/BeanDefinitionRegistryPostProcessorCustomizer> (0x00000000ec373818) thrown at [C:\re\workspace\8-2-build-windows-amd64-cygwin\jdk8u144\9417\hotspot\src\share\vm\cla
Event: 3.133 Thread 0x0000000003104000 Exception <a 'java/lang/ClassNotFoundException': org/springframework/core/PriorityOrderedCustomizer> (0x00000000ec38a948) thrown at [C:\re\workspace\8-2-build-windows-amd64-cygwin\jdk8u144\9417\hotspot\src\share\vm\classfile\systemDictionary.cpp, line 210
Event: 3.134 Thread 0x0000000003104000 Exception <a 'java/lang/ClassNotFoundException': org/springframework/context/ResourceLoaderAwareCustomizer> (0x00000000ec3a2ca0) thrown at [C:\re\workspace\8-2-build-windows-amd64-cygwin\jdk8u144\9417\hotspot\src\share\vm\classfile\systemDictionary.cpp, l
Event: 3.135 Thread 0x0000000003104000 Exception <a 'java/lang/ClassNotFoundException': org/springframework/beans/factory/BeanClassLoaderAwareCustomizer> (0x00000000ec3be318) thrown at [C:\re\workspace\8-2-build-windows-amd64-cygwin\jdk8u144\9417\hotspot\src\share\vm\classfile\systemDictionary
Event: 3.136 Thread 0x0000000003104000 Exception <a 'java/lang/ClassNotFoundException': org/springframework/context/EnvironmentAwareCustomizer> (0x00000000ec3d6bc8) thrown at [C:\re\workspace\8-2-build-windows-amd64-cygwin\jdk8u144\9417\hotspot\src\share\vm\classfile\systemDictionary.cpp, line
Event: 3.401 Thread 0x00000000184f9000 Exception <a 'java/lang/NoSuchFieldError': method resolution failed> (0x00000000eb35e8a0) thrown at [C:\re\workspace\8-2-build-windows-amd64-cygwin\jdk8u144\9417\hotspot\src\share\vm\prims\methodHandles.cpp, line 1146]
Event: 3.410 Thread 0x00000000184f9000 Exception <a 'java/lang/NoSuchFieldError': method resolution failed> (0x00000000eb36c5c0) thrown at [C:\re\workspace\8-2-build-windows-amd64-cygwin\jdk8u144\9417\hotspot\src\share\vm\prims\methodHandles.cpp, line 1146]
Event: 3.637 Thread 0x00000000184f9000 Implicit null exception at 0x00000000034c81fb to 0x00000000034c8895

Events (10 events):
Event: 3.675 loading class org/springframework/format/annotation/DateTimeFormat done
Event: 3.676 loading class org/springframework/format/datetime/DateTimeFormatAnnotationFormatterFactory
Event: 3.676 loading class org/springframework/format/datetime/DateTimeFormatAnnotationFormatterFactory done
Event: 3.678 Thread 0x00000000184f9000 Thread exited: 0x00000000184f9000
Event: 3.784 loading class org/springframework/stereotype/Service
Event: 3.784 loading class org/springframework/stereotype/Service done
Event: 3.786 loading class org/springframework/beans/factory/annotation/Autowire
Event: 3.786 loading class org/springframework/beans/factory/annotation/Autowire done
Event: 3.794 loading class org/springframework/asm/Handle
Event: 3.794 loading class org/springframework/asm/Handle done


Dynamic libraries:
0x00007ff7e4030000 - 0x00007ff7e4067000 	C:\Program Files\Java\jre1.8.0_144\bin\javaw.exe
0x00007ff864400000 - 0x00007ff8645db000 	C:\WINDOWS\SYSTEM32\ntdll.dll
0x00007ff863cb0000 - 0x00007ff863d5e000 	C:\WINDOWS\System32\KERNEL32.DLL
0x00007ff860a90000 - 0x00007ff860cd9000 	C:\WINDOWS\System32\KERNELBASE.dll
0x00007ff863f30000 - 0x00007ff863fd1000 	C:\WINDOWS\System32\ADVAPI32.dll
0x00007ff863730000 - 0x00007ff8637cd000 	C:\WINDOWS\System32\msvcrt.dll
0x00007ff863c50000 - 0x00007ff863ca9000 	C:\WINDOWS\System32\sechost.dll
0x00007ff864180000 - 0x00007ff8642a5000 	C:\WINDOWS\System32\RPCRT4.dll
0x00007ff8642b0000 - 0x00007ff8643fa000 	C:\WINDOWS\System32\USER32.dll
0x00007ff861700000 - 0x00007ff86171e000 	C:\WINDOWS\System32\win32u.dll
0x00007ff862e60000 - 0x00007ff862e87000 	C:\WINDOWS\System32\GDI32.dll
0x00007ff8617d0000 - 0x00007ff861957000 	C:\WINDOWS\System32\gdi32full.dll
0x00007ff8609f0000 - 0x00007ff860a8a000 	C:\WINDOWS\System32\msvcp_win.dll
0x00007ff860f00000 - 0x00007ff860ff6000 	C:\WINDOWS\System32\ucrtbase.dll
0x00007ff85a970000 - 0x00007ff85abd7000 	C:\WINDOWS\WinSxS\amd64_microsoft.windows.common-controls_6595b64144ccf1df_6.0.15063.483_none_26002d27e7c744a2\COMCTL32.dll
0x00007ff8637d0000 - 0x00007ff863ac9000 	C:\WINDOWS\System32\combase.dll
0x00007ff860920000 - 0x00007ff86098a000 	C:\WINDOWS\System32\bcryptPrimitives.dll
0x00007ff862dc0000 - 0x00007ff862ded000 	C:\WINDOWS\System32\IMM32.DLL
0x0000000073d50000 - 0x0000000073e22000 	C:\Program Files\Java\jre1.8.0_144\bin\msvcr100.dll
0x0000000073e30000 - 0x00000000746cd000 	C:\Program Files\Java\jre1.8.0_144\bin\server\jvm.dll
0x00007ff861970000 - 0x00007ff861978000 	C:\WINDOWS\System32\PSAPI.DLL
0x00007ff8547a0000 - 0x00007ff8547a9000 	C:\WINDOWS\SYSTEM32\WSOCK32.dll
0x00007ff858820000 - 0x00007ff85882a000 	C:\WINDOWS\SYSTEM32\VERSION.dll
0x00007ff852930000 - 0x00007ff852953000 	C:\WINDOWS\SYSTEM32\WINMM.dll
0x00007ff862df0000 - 0x00007ff862e5c000 	C:\WINDOWS\System32\WS2_32.dll
0x00007ff8528d0000 - 0x00007ff8528fb000 	C:\WINDOWS\SYSTEM32\winmmbase.dll
0x00007ff860ce0000 - 0x00007ff860d29000 	C:\WINDOWS\System32\cfgmgr32.dll
0x0000000073d40000 - 0x0000000073d4f000 	C:\Program Files\Java\jre1.8.0_144\bin\verify.dll
0x0000000073d10000 - 0x0000000073d39000 	C:\Program Files\Java\jre1.8.0_144\bin\java.dll
0x0000000073cf0000 - 0x0000000073d06000 	C:\Program Files\Java\jre1.8.0_144\bin\zip.dll
0x00007ff861980000 - 0x00007ff862db7000 	C:\WINDOWS\System32\SHELL32.dll
0x00007ff862e90000 - 0x00007ff862f3a000 	C:\WINDOWS\System32\shcore.dll
0x00007ff861000000 - 0x00007ff8616f1000 	C:\WINDOWS\System32\windows.storage.dll
0x00007ff863d60000 - 0x00007ff863db1000 	C:\WINDOWS\System32\shlwapi.dll
0x00007ff860870000 - 0x00007ff860881000 	C:\WINDOWS\System32\kernel.appcore.dll
0x00007ff860890000 - 0x00007ff8608dc000 	C:\WINDOWS\System32\powrprof.dll
0x00007ff860900000 - 0x00007ff860915000 	C:\WINDOWS\System32\profapi.dll
0x0000000073cd0000 - 0x0000000073cea000 	C:\Program Files\Java\jre1.8.0_144\bin\net.dll
0x00007ff860120000 - 0x00007ff86017c000 	C:\WINDOWS\system32\mswsock.dll
0x00000000739f0000 - 0x00000000739fd000 	C:\Program Files\Java\jre1.8.0_144\bin\management.dll
0x00007ff856370000 - 0x00007ff856386000 	C:\WINDOWS\system32\napinsp.dll
0x00007ff855f30000 - 0x00007ff855f4a000 	C:\WINDOWS\system32\pnrpnsp.dll
0x00007ff85d200000 - 0x00007ff85d218000 	C:\WINDOWS\system32\NLAapi.dll
0x00007ff85ff00000 - 0x00007ff85ffa4000 	C:\WINDOWS\SYSTEM32\DNSAPI.dll
0x00007ff861960000 - 0x00007ff861968000 	C:\WINDOWS\System32\NSI.dll
0x00007ff85fec0000 - 0x00007ff85fef7000 	C:\WINDOWS\SYSTEM32\IPHLPAPI.DLL
0x00007ff855e40000 - 0x00007ff855e4e000 	C:\WINDOWS\System32\winrnr.dll
0x00007ff855e20000 - 0x00007ff855e35000 	C:\WINDOWS\System32\wshbth.dll
0x00007ff857230000 - 0x00007ff85723a000 	C:\Windows\System32\rasadhlp.dll
0x00007ff859fd0000 - 0x00007ff85a03b000 	C:\WINDOWS\System32\fwpuclnt.dll
0x00007ff860740000 - 0x00007ff860765000 	C:\WINDOWS\SYSTEM32\bcrypt.dll
0x0000000073cb0000 - 0x0000000073cc1000 	C:\Program Files\Java\jre1.8.0_144\bin\nio.dll

VM Arguments:
jvm_args: -ea -Dfile.encoding=UTF-8 
java_command: org.eclipse.jdt.internal.junit.runner.RemoteTestRunner -version 3 -port 62349 -testLoaderClass org.eclipse.jdt.internal.junit4.runner.JUnit4TestLoader -loaderpluginname org.eclipse.jdt.junit4.runtime -classNames br.com.vivia.wishlister.webMockTest
java_class_path (initial): E:\TI\wishlister\target\test-classes;E:\TI\wishlister\target\classes;C:\Users\Vivia\.m2\repository\org\springframework\boot\spring-boot-starter-web\1.4.7.RELEASE\spring-boot-starter-web-1.4.7.RELEASE.jar;C:\Users\Vivia\.m2\repository\org\springframework\boot\spring-boot-starter\1.4.7.RELEASE\spring-boot-starter-1.4.7.RELEASE.jar;C:\Users\Vivia\.m2\repository\org\springframework\boot\spring-boot-starter-logging\1.4.7.RELEASE\spring-boot-starter-logging-1.4.7.RELEASE.jar;C:\Users\Vivia\.m2\repository\ch\qos\logback\logback-classic\1.1.11\logback-classic-1.1.11.jar;C:\Users\Vivia\.m2\repository\ch\qos\logback\logback-core\1.1.11\logback-core-1.1.11.jar;C:\Users\Vivia\.m2\repository\org\slf4j\jul-to-slf4j\1.7.25\jul-to-slf4j-1.7.25.jar;C:\Users\Vivia\.m2\repository\org\slf4j\log4j-over-slf4j\1.7.25\log4j-over-slf4j-1.7.25.jar;C:\Users\Vivia\.m2\repository\org\yaml\snakeyaml\1.17\snakeyaml-1.17.jar;C:\Users\Vivia\.m2\repository\org\springframework\boot\spring-boot-starter-tomcat\1.4.7.RELEASE\spring-boot-starter-tomcat-1.4.7.RELEASE.jar;C:\Users\Vivia\.m2\repository\org\apache\tomcat\embed\tomcat-embed-core\8.5.15\tomcat-embed-core-8.5.15.jar;C:\Users\Vivia\.m2\repository\org\apache\tomcat\embed\tomcat-embed-el\8.5.15\tomcat-embed-el-8.5.15.jar;C:\Users\Vivia\.m2\repository\org\apache\tomcat\embed\tomcat-embed-websocket\8.5.15\tomcat-embed-websocket-8.5.15.jar;C:\Users\Vivia\.m2\repository\org\hibernate\hibernate-validator\5.2.5.Final\hibernate-validator-5.2.5.Final.jar;C:\Users\Vivia\.m2\repository\javax\validation\validation-api\1.1.0.Final\validation-api-1.1.0.Final.jar;C:\Users\Vivia\.m2\repository\org\jboss\logging\jboss-logging\3.3.1.Final\jboss-logging-3.3.1.Final.jar;C:\Users\Vivia\.m2\repository\com\fasterxml\classmate\1.3.3\classmate-1.3.3.jar;C:\Users\Vivia\.m2\repository\com\fasterxml\jackson\core\jackson-databind\2.8.8\jackson-databind-2.8.8.jar;C:\Users\Vivia\.m2\repository\com\fasterxml\jackson\core\jackson-annotations\2.8.8\ja
Launcher Type: SUN_STANDARD

Environment Variables:
PATH=C:/Program Files/Java/jre1.8.0_144/bin/server;C:/Program Files/Java/jre1.8.0_144/bin;C:/Program Files/Java/jre1.8.0_144/lib/amd64;C:\ProgramData\Oracle\Java\javapath;C:\WINDOWS\system32;C:\WINDOWS;C:\WINDOWS\System32\Wbem;C:\WINDOWS\System32\WindowsPowerShell\v1.0\;C:\Program Files\Git\cmd;C:\Program Files\nodejs\;C:\Users\Vivia\AppData\Local\Microsoft\WindowsApps;C:\Users\Vivia\AppData\Local\atom\bin;C:\Users\Vivia\AppData\Roaming\npm;C:\Users\Vivia\AppData\Local\Microsoft\WindowsApps;;C:\Program Files\Microsoft VS Code\bin;E:\TI\eclipse;
USERNAME=Vivia
OS=Windows_NT
PROCESSOR_IDENTIFIER=Intel64 Family 6 Model 42 Stepping 7, GenuineIntel



---------------  S Y S T E M  ---------------

OS: Windows 10.0 , 64 bit Build 15063 (10.0.15063.296)

CPU:total 4 (initial active 4) (2 cores per cpu, 2 threads per core) family 6 model 42 stepping 7, cmov, cx8, fxsr, mmx, sse, sse2, sse3, ssse3, sse4.1, sse4.2, popcnt, avx, aes, clmul, ht, tsc, tscinvbit

Memory: 4k page, physical 4099980k(229736k free), swap 10325140k(12k free)

vm_info: Java HotSpot(TM) 64-Bit Server VM (25.144-b01) for windows-amd64 JRE (1.8.0_144-b01), built on Jul 21 2017 21:57:33 by "java_re" with MS VC++ 10.0 (VS2010)

time: Tue Jan 23 23:54:28 2018
elapsed time: 3 seconds (0d 0h 0m 3s)

